-------------------------------------------------------------------------------
Test set: com.example.farmerHome.BasketApplicationTest
-------------------------------------------------------------------------------
Tests run: 2, Failures: 1, Errors: 0, Skipped: 0, Time elapsed: 10.318 s <<< FAILURE! - in com.example.farmerHome.BasketApplicationTest
findByBasketIdUsingService(com.example.farmerHome.BasketApplicationTest)  Time elapsed: 0.148 s  <<< FAILURE!
java.lang.AssertionError
	at com.example.farmerHome.BasketApplicationTest.findByBasketIdUsingService(BasketApplicationTest.java:44)

