-------------------------------------------------------------------------------
Test set: com.example.farmerHome.ProductApplicationTest
-------------------------------------------------------------------------------
Tests run: 2, Failures: 0, Errors: 1, Skipped: 0, Time elapsed: 0.029 s <<< FAILURE! - in com.example.farmerHome.ProductApplicationTest
addProductUsingService(com.example.farmerHome.ProductApplicationTest)  Time elapsed: 0.02 s  <<< ERROR!
org.springframework.orm.jpa.JpaSystemException: could not read a hi value - you need to populate the table: hibernate_sequence; nested exception is org.hibernate.id.IdentifierGenerationException: could not read a hi value - you need to populate the table: hibernate_sequence
	at com.example.farmerHome.ProductApplicationTest.addProductUsingService(ProductApplicationTest.java:42)
Caused by: org.hibernate.id.IdentifierGenerationException: could not read a hi value - you need to populate the table: hibernate_sequence
	at com.example.farmerHome.ProductApplicationTest.addProductUsingService(ProductApplicationTest.java:42)

