<?xml version="1.0" encoding="UTF-8"?>
<testsuite xmlns:xsi="http://www.w3.org/2001/XMLSchema-instance" xsi:noNamespaceSchemaLocation="https://maven.apache.org/surefire/maven-surefire-plugin/xsd/surefire-test-report.xsd" name="com.example.farmerHome.BasketApplicationTest" time="7.565" tests="4" errors="1" skipped="0" failures="0">
  <properties>
[...]
</properties>
  <testcase name="deleteByBasketIdUsingService" classname="com.example.farmerHome.BasketApplicationTest" time="0.127">
    <error message="No class com.example.farmerHome.entities.Basket entity with id 9 exists!" type="org.springframework.dao.EmptyResultDataAccessException">org.springframework.dao.EmptyResultDataAccessException: No class com.example.farmerHome.entities.Basket entity with id 9 exists!
	at com.example.farmerHome.BasketApplicationTest.deleteByBasketIdUsingService(BasketApplicationTest.java:51)
</error>
    <system-out><![CDATA[13:58:25.947 [main] DEBUG org.springframework.test.context.junit4.SpringJUnit4ClassRunner - SpringJUnit4ClassRunner constructor called with [class com.example.farmerHome.BasketApplicationTest]
13:58:25.954 [main] DEBUG org.springframework.test.context.BootstrapUtils - Instantiating CacheAwareContextLoaderDelegate from class [org.springframework.test.context.cache.DefaultCacheAwareContextLoaderDelegate]
13:58:25.965 [main] DEBUG org.springframework.test.context.BootstrapUtils - Instantiating BootstrapContext using constructor [public org.springframework.test.context.support.DefaultBootstrapContext(java.lang.Class,org.springframework.test.context.CacheAwareContextLoaderDelegate)]
13:58:25.989 [main] DEBUG org.springframework.test.context.BootstrapUtils - Instantiating TestContextBootstrapper for test class [com.example.farmerHome.BasketApplicationTest] from class [org.springframework.boot.test.context.SpringBootTestContextBootstrapper]
13:58:26.006 [main] INFO org.springframework.boot.test.context.SpringBootTestContextBootstrapper - Neither @ContextConfiguration nor @ContextHierarchy found for test class [com.example.farmerHome.BasketApplicationTest], using SpringBootContextLoader
13:58:26.011 [main] DEBUG org.springframework.test.context.support.AbstractContextLoader - Did not detect default resource location for test class [com.example.farmerHome.BasketApplicationTest]: class path resource [com/example/farmerHome/BasketApplicationTest-context.xml] does not exist
13:58:26.011 [main] DEBUG org.springframework.test.context.support.AbstractContextLoader - Did not detect default resource location for test class [com.example.farmerHome.BasketApplicationTest]: class path resource [com/example/farmerHome/BasketApplicationTestContext.groovy] does not exist
13:58:26.011 [main] INFO org.springframework.test.context.support.AbstractContextLoader - Could not detect default resource locations for test class [com.example.farmerHome.BasketApplicationTest]: no resource found for suffixes {-context.xml, Context.groovy}.
13:58:26.012 [main] INFO org.springframework.test.context.support.AnnotationConfigContextLoaderUtils - Could not detect default configuration classes for test class [com.example.farmerHome.BasketApplicationTest]: BasketApplicationTest does not declare any static, non-private, non-final, nested classes annotated with @Configuration.
13:58:26.069 [main] DEBUG org.springframework.test.context.support.ActiveProfilesUtils - Could not find an 'annotation declaring class' for annotation type [org.springframework.test.context.ActiveProfiles] and class [com.example.farmerHome.BasketApplicationTest]
13:58:26.163 [main] DEBUG org.springframework.context.annotation.ClassPathScanningCandidateComponentProvider - Identified candidate component class: file [C:\Users\monica61182\git\FarmerToHome-Team\target\classes\com\example\farmerHome\FarmerHomeApplication.class]
13:58:26.165 [main] INFO org.springframework.boot.test.context.SpringBootTestContextBootstrapper - Found @SpringBootConfiguration com.example.farmerHome.FarmerHomeApplication for test class com.example.farmerHome.BasketApplicationTest
13:58:26.280 [main] DEBUG org.springframework.boot.test.context.SpringBootTestContextBootstrapper - @TestExecutionListeners is not present for class [com.example.farmerHome.BasketApplicationTest]: using defaults.
13:58:26.281 [main] INFO org.springframework.boot.test.context.SpringBootTestContextBootstrapper - Loaded default TestExecutionListener class names from location [META-INF/spring.factories]: [org.springframework.boot.test.mock.mockito.MockitoTestExecutionListener, org.springframework.boot.test.mock.mockito.ResetMocksTestExecutionListener, org.springframework.boot.test.autoconfigure.restdocs.RestDocsTestExecutionListener, org.springframework.boot.test.autoconfigure.web.client.MockRestServiceServerResetTestExecutionListener, org.springframework.boot.test.autoconfigure.web.servlet.MockMvcPrintOnlyOnFailureTestExecutionListener, org.springframework.boot.test.autoconfigure.web.servlet.WebDriverTestExecutionListener, org.springframework.test.context.web.ServletTestExecutionListener, org.springframework.test.context.support.DirtiesContextBeforeModesTestExecutionListener, org.springframework.test.context.support.DependencyInjectionTestExecutionListener, org.springframework.test.context.support.DirtiesContextTestExecutionListener, org.springframework.test.context.transaction.TransactionalTestExecutionListener, org.springframework.test.context.jdbc.SqlScriptsTestExecutionListener]
13:58:26.310 [main] INFO org.springframework.boot.test.context.SpringBootTestContextBootstrapper - Using TestExecutionListeners: [org.springframework.test.context.web.ServletTestExecutionListener@4218d6a3, org.springframework.test.context.support.DirtiesContextBeforeModesTestExecutionListener@76505305, org.springframework.boot.test.mock.mockito.MockitoTestExecutionListener@14cd1699, org.springframework.boot.test.autoconfigure.SpringBootDependencyInjectionTestExecutionListener@77888435, org.springframework.test.context.support.DirtiesContextTestExecutionListener@73a1e9a9, org.springframework.test.context.transaction.TransactionalTestExecutionListener@71d44a3, org.springframework.test.context.jdbc.SqlScriptsTestExecutionListener@7b98f307, org.springframework.boot.test.mock.mockito.ResetMocksTestExecutionListener@4802796d, org.springframework.boot.test.autoconfigure.restdocs.RestDocsTestExecutionListener@34123d65, org.springframework.boot.test.autoconfigure.web.client.MockRestServiceServerResetTestExecutionListener@59474f18, org.springframework.boot.test.autoconfigure.web.servlet.MockMvcPrintOnlyOnFailureTestExecutionListener@65fb9ffc, org.springframework.boot.test.autoconfigure.web.servlet.WebDriverTestExecutionListener@3e694b3f]
13:58:26.312 [main] DEBUG org.springframework.test.annotation.ProfileValueUtils - Retrieved @ProfileValueSourceConfiguration [null] for test class [com.example.farmerHome.BasketApplicationTest]
13:58:26.313 [main] DEBUG org.springframework.test.annotation.ProfileValueUtils - Retrieved ProfileValueSource type [class org.springframework.test.annotation.SystemProfileValueSource] for class [com.example.farmerHome.BasketApplicationTest]
13:58:26.315 [main] DEBUG org.springframework.test.annotation.ProfileValueUtils - Retrieved @ProfileValueSourceConfiguration [null] for test class [com.example.farmerHome.BasketApplicationTest]
13:58:26.316 [main] DEBUG org.springframework.test.annotation.ProfileValueUtils - Retrieved ProfileValueSource type [class org.springframework.test.annotation.SystemProfileValueSource] for class [com.example.farmerHome.BasketApplicationTest]
13:58:26.316 [main] DEBUG org.springframework.test.annotation.ProfileValueUtils - Retrieved @ProfileValueSourceConfiguration [null] for test class [com.example.farmerHome.BasketApplicationTest]
13:58:26.317 [main] DEBUG org.springframework.test.annotation.ProfileValueUtils - Retrieved ProfileValueSource type [class org.springframework.test.annotation.SystemProfileValueSource] for class [com.example.farmerHome.BasketApplicationTest]
13:58:26.334 [main] DEBUG org.springframework.test.context.support.AbstractDirtiesContextTestExecutionListener - Before test class: context [DefaultTestContext@3c46e67a testClass = BasketApplicationTest, testInstance = [null], testMethod = [null], testException = [null], mergedContextConfiguration = [WebMergedContextConfiguration@c730b35 testClass = BasketApplicationTest, locations = '{}', classes = '{class com.example.farmerHome.FarmerHomeApplication}', contextInitializerClasses = '[]', activeProfiles = '{}', propertySourceLocations = '{}', propertySourceProperties = '{org.springframework.boot.test.context.SpringBootTestContextBootstrapper=true}', contextCustomizers = set[org.springframework.boot.test.context.filter.ExcludeFilterContextCustomizer@289d1c02, org.springframework.boot.test.json.DuplicateJsonObjectContextCustomizerFactory$DuplicateJsonObjectContextCustomizer@3891771e, org.springframework.boot.test.mock.mockito.MockitoContextCustomizer@0, org.springframework.boot.test.web.client.TestRestTemplateContextCustomizer@5c072e3f, org.springframework.boot.test.autoconfigure.properties.PropertyMappingContextCustomizer@0, org.springframework.boot.test.autoconfigure.web.servlet.WebDriverContextCustomizerFactory$Customizer@4fcd19b3], resourceBasePath = 'src/main/webapp', contextLoader = 'org.springframework.boot.test.context.SpringBootContextLoader', parent = [null]], attributes = map['org.springframework.test.context.web.ServletTestExecutionListener.activateListener' -> true]], class annotated with @DirtiesContext [false] with mode [null].
13:58:26.335 [main] DEBUG org.springframework.test.annotation.ProfileValueUtils - Retrieved @ProfileValueSourceConfiguration [null] for test class [com.example.farmerHome.BasketApplicationTest]
13:58:26.335 [main] DEBUG org.springframework.test.annotation.ProfileValueUtils - Retrieved ProfileValueSource type [class org.springframework.test.annotation.SystemProfileValueSource] for class [com.example.farmerHome.BasketApplicationTest]
13:58:26.361 [main] DEBUG org.springframework.test.context.support.TestPropertySourceUtils - Adding inlined properties to environment: {spring.jmx.enabled=false, org.springframework.boot.test.context.SpringBootTestContextBootstrapper=true, server.port=-1}

  .   ____          _            __ _ _
 /\\ / ___'_ __ _ _(_)_ __  __ _ \ \ \ \
( ( )\___ | '_ | '_| | '_ \/ _` | \ \ \ \
 \\/  ___)| |_)| | | | | || (_| |  ) ) ) )
  '  |____| .__|_| |_|_| |_\__, | / / / /
 =========|_|==============|___/=/_/_/_/
 :: Spring Boot ::        (v2.1.6.RELEASE)

2019-08-05 13:58:26.643  INFO 37904 --- [           main] c.e.farmerHome.BasketApplicationTest     : Starting BasketApplicationTest on GB-LD1LPW10G037 with PID 37904 (started by Monica61182 in C:\Users\monica61182\git\FarmerToHome-Team)
2019-08-05 13:58:26.645  INFO 37904 --- [           main] c.e.farmerHome.BasketApplicationTest     : No active profile set, falling back to default profiles: default
2019-08-05 13:58:27.443  INFO 37904 --- [           main] .s.d.r.c.RepositoryConfigurationDelegate : Bootstrapping Spring Data repositories in DEFAULT mode.
2019-08-05 13:58:27.559  INFO 37904 --- [           main] .s.d.r.c.RepositoryConfigurationDelegate : Finished Spring Data repository scanning in 102ms. Found 5 repository interfaces.
2019-08-05 13:58:28.258  INFO 37904 --- [           main] o.hibernate.jpa.internal.util.LogHelper  : HHH000204: Processing PersistenceUnitInfo [
	name: default
	...]
2019-08-05 13:58:28.345  INFO 37904 --- [           main] org.hibernate.Version                    : HHH000412: Hibernate Core {5.3.10.Final}
2019-08-05 13:58:28.346  INFO 37904 --- [           main] org.hibernate.cfg.Environment            : HHH000206: hibernate.properties not found
2019-08-05 13:58:28.579  INFO 37904 --- [           main] o.hibernate.annotations.common.Version   : HCANN000001: Hibernate Commons Annotations {5.0.4.Final}
2019-08-05 13:58:29.198  INFO 37904 --- [           main] com.zaxxer.hikari.HikariDataSource       : HikariPool-1 - Starting...
2019-08-05 13:58:30.067  INFO 37904 --- [           main] com.zaxxer.hikari.HikariDataSource       : HikariPool-1 - Start completed.
2019-08-05 13:58:30.085  INFO 37904 --- [           main] org.hibernate.dialect.Dialect            : HHH000400: Using dialect: org.hibernate.dialect.MySQL5Dialect
Consumer Created
Basket Created
Farmer created
Hibernate: alter table jpa_basket add constraint FKdy4rsayh036biauy78oqnrsn foreign key (fk_consumerid) references jpa_consumer (consumer_id)
Hibernate: alter table jpa_items add constraint FK2bbqo821r1dqo1keyj2u70fo4 foreign key (fk_productid) references jpa_product (product_id)
Hibernate: alter table jpa_items add constraint FKn7d9r02hxyneorwk9r23gjf7g foreign key (fk_basketid) references jpa_basket (basket_id)
Hibernate: alter table jpa_product add constraint FKh9ii2g42j7qqtw3yv7xvto2ns foreign key (fk_categoryid) references jpa_category (category_id)
Hibernate: alter table jpa_suppliers add constraint FK5r1fo7eh2ocir4xp5y4ptxxjt foreign key (fk_farmerid) references jpa_farmer (farmer_id)
Hibernate: alter table jpa_suppliers add constraint FKf5avl4fjf6kjse8xco231j12f foreign key (fk_productid) references jpa_product (product_id)
2019-08-05 13:58:31.438  INFO 37904 --- [           main] o.h.h.i.QueryTranslatorFactoryInitiator  : HHH000397: Using ASTQueryTranslatorFactory
2019-08-05 13:58:31.564  INFO 37904 --- [           main] j.LocalContainerEntityManagerFactoryBean : Initialized JPA EntityManagerFactory for persistence unit 'default'
Basket Service Created
Product service created
Farmer service created
Category service created
Consumer Service Created
2019-08-05 13:58:33.010  INFO 37904 --- [           main] c.e.farmerHome.BasketApplicationTest     : Started BasketApplicationTest in 6.64 seconds (JVM running for 7.691)
Hibernate: select basket0_.basket_id as basket_i1_0_0_, basket0_.fk_consumerid as fk_consu2_0_0_, consumer1_.consumer_id as consumer1_2_1_, consumer1_.address as address2_2_1_, consumer1_.email as email3_2_1_, consumer1_.consumer_name as consumer4_2_1_, consumer1_.phone as phone5_2_1_ from jpa_basket basket0_ left outer join jpa_consumer consumer1_ on basket0_.fk_consumerid=consumer1_.consumer_id where basket0_.basket_id=?
]]></system-out>
  </testcase>
  <testcase name="exampleBasketTest" classname="com.example.farmerHome.BasketApplicationTest" time="0.002"/>
  <testcase name="findByBasketIdUsingService" classname="com.example.farmerHome.BasketApplicationTest" time="0.058"/>
  <testcase name="addBasketUsingService" classname="com.example.farmerHome.BasketApplicationTest" time="0.053"/>
</testsuite>