<?xml version="1.0" encoding="UTF-8"?>
<testsuite xmlns:xsi="http://www.w3.org/2001/XMLSchema-instance" xsi:noNamespaceSchemaLocation="https://maven.apache.org/surefire/maven-surefire-plugin/xsd/surefire-test-report.xsd" name="com.example.farmerHome.BasketApplicationTest" time="9.248" tests="4" errors="1" skipped="0" failures="1">
  <properties>
[...]
</properties>
  <testcase name="deleteByBasketIdUsingService" classname="com.example.farmerHome.BasketApplicationTest" time="0.137">
    <error message="No class com.example.farmerHome.entities.Basket entity with id 9 exists!" type="org.springframework.dao.EmptyResultDataAccessException">org.springframework.dao.EmptyResultDataAccessException: No class com.example.farmerHome.entities.Basket entity with id 9 exists!
	at com.example.farmerHome.BasketApplicationTest.deleteByBasketIdUsingService(BasketApplicationTest.java:51)
</error>
    <system-out><![CDATA[14:00:42.512 [main] DEBUG org.springframework.test.context.junit4.SpringJUnit4ClassRunner - SpringJUnit4ClassRunner constructor called with [class com.example.farmerHome.BasketApplicationTest]
14:00:42.519 [main] DEBUG org.springframework.test.context.BootstrapUtils - Instantiating CacheAwareContextLoaderDelegate from class [org.springframework.test.context.cache.DefaultCacheAwareContextLoaderDelegate]
14:00:42.529 [main] DEBUG org.springframework.test.context.BootstrapUtils - Instantiating BootstrapContext using constructor [public org.springframework.test.context.support.DefaultBootstrapContext(java.lang.Class,org.springframework.test.context.CacheAwareContextLoaderDelegate)]
14:00:42.557 [main] DEBUG org.springframework.test.context.BootstrapUtils - Instantiating TestContextBootstrapper for test class [com.example.farmerHome.BasketApplicationTest] from class [org.springframework.boot.test.context.SpringBootTestContextBootstrapper]
14:00:42.574 [main] INFO org.springframework.boot.test.context.SpringBootTestContextBootstrapper - Neither @ContextConfiguration nor @ContextHierarchy found for test class [com.example.farmerHome.BasketApplicationTest], using SpringBootContextLoader
14:00:42.579 [main] DEBUG org.springframework.test.context.support.AbstractContextLoader - Did not detect default resource location for test class [com.example.farmerHome.BasketApplicationTest]: class path resource [com/example/farmerHome/BasketApplicationTest-context.xml] does not exist
14:00:42.580 [main] DEBUG org.springframework.test.context.support.AbstractContextLoader - Did not detect default resource location for test class [com.example.farmerHome.BasketApplicationTest]: class path resource [com/example/farmerHome/BasketApplicationTestContext.groovy] does not exist
14:00:42.580 [main] INFO org.springframework.test.context.support.AbstractContextLoader - Could not detect default resource locations for test class [com.example.farmerHome.BasketApplicationTest]: no resource found for suffixes {-context.xml, Context.groovy}.
14:00:42.582 [main] INFO org.springframework.test.context.support.AnnotationConfigContextLoaderUtils - Could not detect default configuration classes for test class [com.example.farmerHome.BasketApplicationTest]: BasketApplicationTest does not declare any static, non-private, non-final, nested classes annotated with @Configuration.
14:00:42.658 [main] DEBUG org.springframework.test.context.support.ActiveProfilesUtils - Could not find an 'annotation declaring class' for annotation type [org.springframework.test.context.ActiveProfiles] and class [com.example.farmerHome.BasketApplicationTest]
14:00:42.774 [main] DEBUG org.springframework.context.annotation.ClassPathScanningCandidateComponentProvider - Identified candidate component class: file [C:\Users\gregory61171\GIT\FarmerToHome-Team\target\classes\com\example\farmerHome\FarmerHomeApplication.class]
14:00:42.775 [main] INFO org.springframework.boot.test.context.SpringBootTestContextBootstrapper - Found @SpringBootConfiguration com.example.farmerHome.FarmerHomeApplication for test class com.example.farmerHome.BasketApplicationTest
14:00:42.899 [main] DEBUG org.springframework.boot.test.context.SpringBootTestContextBootstrapper - @TestExecutionListeners is not present for class [com.example.farmerHome.BasketApplicationTest]: using defaults.
14:00:42.900 [main] INFO org.springframework.boot.test.context.SpringBootTestContextBootstrapper - Loaded default TestExecutionListener class names from location [META-INF/spring.factories]: [org.springframework.boot.test.mock.mockito.MockitoTestExecutionListener, org.springframework.boot.test.mock.mockito.ResetMocksTestExecutionListener, org.springframework.boot.test.autoconfigure.restdocs.RestDocsTestExecutionListener, org.springframework.boot.test.autoconfigure.web.client.MockRestServiceServerResetTestExecutionListener, org.springframework.boot.test.autoconfigure.web.servlet.MockMvcPrintOnlyOnFailureTestExecutionListener, org.springframework.boot.test.autoconfigure.web.servlet.WebDriverTestExecutionListener, org.springframework.test.context.web.ServletTestExecutionListener, org.springframework.test.context.support.DirtiesContextBeforeModesTestExecutionListener, org.springframework.test.context.support.DependencyInjectionTestExecutionListener, org.springframework.test.context.support.DirtiesContextTestExecutionListener, org.springframework.test.context.transaction.TransactionalTestExecutionListener, org.springframework.test.context.jdbc.SqlScriptsTestExecutionListener]
14:00:42.939 [main] INFO org.springframework.boot.test.context.SpringBootTestContextBootstrapper - Using TestExecutionListeners: [org.springframework.test.context.web.ServletTestExecutionListener@235834f2, org.springframework.test.context.support.DirtiesContextBeforeModesTestExecutionListener@5656be13, org.springframework.boot.test.mock.mockito.MockitoTestExecutionListener@4218d6a3, org.springframework.boot.test.autoconfigure.SpringBootDependencyInjectionTestExecutionListener@76505305, org.springframework.test.context.support.DirtiesContextTestExecutionListener@14cd1699, org.springframework.test.context.transaction.TransactionalTestExecutionListener@77888435, org.springframework.test.context.jdbc.SqlScriptsTestExecutionListener@73a1e9a9, org.springframework.boot.test.mock.mockito.ResetMocksTestExecutionListener@71d44a3, org.springframework.boot.test.autoconfigure.restdocs.RestDocsTestExecutionListener@7b98f307, org.springframework.boot.test.autoconfigure.web.client.MockRestServiceServerResetTestExecutionListener@4802796d, org.springframework.boot.test.autoconfigure.web.servlet.MockMvcPrintOnlyOnFailureTestExecutionListener@34123d65, org.springframework.boot.test.autoconfigure.web.servlet.WebDriverTestExecutionListener@59474f18]
14:00:42.944 [main] DEBUG org.springframework.test.annotation.ProfileValueUtils - Retrieved @ProfileValueSourceConfiguration [null] for test class [com.example.farmerHome.BasketApplicationTest]
14:00:42.945 [main] DEBUG org.springframework.test.annotation.ProfileValueUtils - Retrieved ProfileValueSource type [class org.springframework.test.annotation.SystemProfileValueSource] for class [com.example.farmerHome.BasketApplicationTest]
14:00:42.948 [main] DEBUG org.springframework.test.annotation.ProfileValueUtils - Retrieved @ProfileValueSourceConfiguration [null] for test class [com.example.farmerHome.BasketApplicationTest]
14:00:42.948 [main] DEBUG org.springframework.test.annotation.ProfileValueUtils - Retrieved ProfileValueSource type [class org.springframework.test.annotation.SystemProfileValueSource] for class [com.example.farmerHome.BasketApplicationTest]
14:00:42.949 [main] DEBUG org.springframework.test.annotation.ProfileValueUtils - Retrieved @ProfileValueSourceConfiguration [null] for test class [com.example.farmerHome.BasketApplicationTest]
14:00:42.949 [main] DEBUG org.springframework.test.annotation.ProfileValueUtils - Retrieved ProfileValueSource type [class org.springframework.test.annotation.SystemProfileValueSource] for class [com.example.farmerHome.BasketApplicationTest]
14:00:42.975 [main] DEBUG org.springframework.test.context.support.AbstractDirtiesContextTestExecutionListener - Before test class: context [DefaultTestContext@408d971b testClass = BasketApplicationTest, testInstance = [null], testMethod = [null], testException = [null], mergedContextConfiguration = [WebMergedContextConfiguration@6c6cb480 testClass = BasketApplicationTest, locations = '{}', classes = '{class com.example.farmerHome.FarmerHomeApplication}', contextInitializerClasses = '[]', activeProfiles = '{}', propertySourceLocations = '{}', propertySourceProperties = '{org.springframework.boot.test.context.SpringBootTestContextBootstrapper=true}', contextCustomizers = set[org.springframework.boot.test.context.filter.ExcludeFilterContextCustomizer@22eeefeb, org.springframework.boot.test.json.DuplicateJsonObjectContextCustomizerFactory$DuplicateJsonObjectContextCustomizer@78ac1102, org.springframework.boot.test.mock.mockito.MockitoContextCustomizer@0, org.springframework.boot.test.web.client.TestRestTemplateContextCustomizer@4d1b0d2a, org.springframework.boot.test.autoconfigure.properties.PropertyMappingContextCustomizer@0, org.springframework.boot.test.autoconfigure.web.servlet.WebDriverContextCustomizerFactory$Customizer@376b4233], resourceBasePath = 'src/main/webapp', contextLoader = 'org.springframework.boot.test.context.SpringBootContextLoader', parent = [null]], attributes = map['org.springframework.test.context.web.ServletTestExecutionListener.activateListener' -> true]], class annotated with @DirtiesContext [false] with mode [null].
14:00:42.976 [main] DEBUG org.springframework.test.annotation.ProfileValueUtils - Retrieved @ProfileValueSourceConfiguration [null] for test class [com.example.farmerHome.BasketApplicationTest]
14:00:42.976 [main] DEBUG org.springframework.test.annotation.ProfileValueUtils - Retrieved ProfileValueSource type [class org.springframework.test.annotation.SystemProfileValueSource] for class [com.example.farmerHome.BasketApplicationTest]
14:00:43.018 [main] DEBUG org.springframework.test.context.support.TestPropertySourceUtils - Adding inlined properties to environment: {spring.jmx.enabled=false, org.springframework.boot.test.context.SpringBootTestContextBootstrapper=true, server.port=-1}

  .   ____          _            __ _ _
 /\\ / ___'_ __ _ _(_)_ __  __ _ \ \ \ \
( ( )\___ | '_ | '_| | '_ \/ _` | \ \ \ \
 \\/  ___)| |_)| | | | | || (_| |  ) ) ) )
  '  |____| .__|_| |_|_| |_\__, | / / / /
 =========|_|==============|___/=/_/_/_/
 :: Spring Boot ::        (v2.1.6.RELEASE)

2019-08-01 14:00:43.366  INFO 3784 --- [           main] c.e.farmerHome.BasketApplicationTest     : Starting BasketApplicationTest on GB-LD1LPW10G026 with PID 3784 (started by Gregory61171 in C:\Users\gregory61171\GIT\FarmerToHome-Team)
2019-08-01 14:00:43.368  INFO 3784 --- [           main] c.e.farmerHome.BasketApplicationTest     : No active profile set, falling back to default profiles: default
2019-08-01 14:00:44.386  INFO 3784 --- [           main] .s.d.r.c.RepositoryConfigurationDelegate : Bootstrapping Spring Data repositories in DEFAULT mode.
2019-08-01 14:00:44.503  INFO 3784 --- [           main] .s.d.r.c.RepositoryConfigurationDelegate : Finished Spring Data repository scanning in 106ms. Found 4 repository interfaces.
2019-08-01 14:00:45.577  INFO 3784 --- [           main] o.hibernate.jpa.internal.util.LogHelper  : HHH000204: Processing PersistenceUnitInfo [
	name: default
	...]
2019-08-01 14:00:45.663  INFO 3784 --- [           main] org.hibernate.Version                    : HHH000412: Hibernate Core {5.3.10.Final}
2019-08-01 14:00:45.665  INFO 3784 --- [           main] org.hibernate.cfg.Environment            : HHH000206: hibernate.properties not found
2019-08-01 14:00:45.860  INFO 3784 --- [           main] o.hibernate.annotations.common.Version   : HCANN000001: Hibernate Commons Annotations {5.0.4.Final}
2019-08-01 14:00:46.580  INFO 3784 --- [           main] com.zaxxer.hikari.HikariDataSource       : HikariPool-1 - Starting...
2019-08-01 14:00:47.439  INFO 3784 --- [           main] com.zaxxer.hikari.HikariDataSource       : HikariPool-1 - Start completed.
2019-08-01 14:00:47.468  INFO 3784 --- [           main] org.hibernate.dialect.Dialect            : HHH000400: Using dialect: org.hibernate.dialect.MySQL5Dialect
Consumer Created
Basket Created
Farmer created
Hibernate: alter table jpa_basket add constraint FKdy4rsayh036biauy78oqnrsn foreign key (fk_consumerid) references jpa_consumer (consumer_id)
Hibernate: alter table jpa_items add constraint FK2bbqo821r1dqo1keyj2u70fo4 foreign key (fk_productid) references jpa_product (product_id)
Hibernate: alter table jpa_items add constraint FKn7d9r02hxyneorwk9r23gjf7g foreign key (fk_basketid) references jpa_basket (basket_id)
Hibernate: alter table jpa_suppliers add constraint FK5r1fo7eh2ocir4xp5y4ptxxjt foreign key (fk_farmerid) references jpa_farmer (farmer_id)
Hibernate: alter table jpa_suppliers add constraint FKf5avl4fjf6kjse8xco231j12f foreign key (fk_productid) references jpa_product (product_id)
2019-08-01 14:00:48.980  INFO 3784 --- [           main] o.h.h.i.QueryTranslatorFactoryInitiator  : HHH000397: Using ASTQueryTranslatorFactory
2019-08-01 14:00:49.098  INFO 3784 --- [           main] j.LocalContainerEntityManagerFactoryBean : Initialized JPA EntityManagerFactory for persistence unit 'default'
Basket Service Created
Product service created
Farmer service created
Consumer Service Created
2019-08-01 14:00:51.210  INFO 3784 --- [           main] c.e.farmerHome.BasketApplicationTest     : Started BasketApplicationTest in 8.179 seconds (JVM running for 9.368)
Hibernate: select basket0_.basket_id as basket_i1_0_0_, basket0_.fk_consumerid as fk_consu2_0_0_, consumer1_.consumer_id as consumer1_1_1_, consumer1_.address as address2_1_1_, consumer1_.email as email3_1_1_, consumer1_.consumer_name as consumer4_1_1_, consumer1_.phone as phone5_1_1_ from jpa_basket basket0_ left outer join jpa_consumer consumer1_ on basket0_.fk_consumerid=consumer1_.consumer_id where basket0_.basket_id=?
]]></system-out>
  </testcase>
  <testcase name="exampleBasketTest" classname="com.example.farmerHome.BasketApplicationTest" time="0.001"/>
  <testcase name="findByBasketIdUsingService" classname="com.example.farmerHome.BasketApplicationTest" time="0.023">
    <failure type="java.lang.AssertionError">java.lang.AssertionError
	at com.example.farmerHome.BasketApplicationTest.findByBasketIdUsingService(BasketApplicationTest.java:44)
</failure>
    <system-out><![CDATA[Hibernate: select basket0_.basket_id as basket_i1_0_0_, basket0_.fk_consumerid as fk_consu2_0_0_, consumer1_.consumer_id as consumer1_1_1_, consumer1_.address as address2_1_1_, consumer1_.email as email3_1_1_, consumer1_.consumer_name as consumer4_1_1_, consumer1_.phone as phone5_1_1_ from jpa_basket basket0_ left outer join jpa_consumer consumer1_ on basket0_.fk_consumerid=consumer1_.consumer_id where basket0_.basket_id=?
]]></system-out>
    <system-err><![CDATA[java.util.NoSuchElementException: No value present
	at java.util.Optional.get(Optional.java:135)
	at com.example.farmerHome.apis.BasketService.findByBasketId(BasketService.java:70)
	at com.example.farmerHome.apis.BasketService$$FastClassBySpringCGLIB$$b21b20b5.invoke(<generated>)
	at org.springframework.cglib.proxy.MethodProxy.invoke(MethodProxy.java:218)
	at org.springframework.aop.framework.CglibAopProxy$CglibMethodInvocation.invokeJoinpoint(CglibAopProxy.java:749)
	at org.springframework.aop.framework.ReflectiveMethodInvocation.proceed(ReflectiveMethodInvocation.java:163)
	at org.springframework.transaction.interceptor.TransactionAspectSupport.invokeWithinTransaction(TransactionAspectSupport.java:295)
	at org.springframework.transaction.interceptor.TransactionInterceptor.invoke(TransactionInterceptor.java:98)
	at org.springframework.aop.framework.ReflectiveMethodInvocation.proceed(ReflectiveMethodInvocation.java:186)
	at org.springframework.aop.framework.CglibAopProxy$DynamicAdvisedInterceptor.intercept(CglibAopProxy.java:688)
	at com.example.farmerHome.apis.BasketService$$EnhancerBySpringCGLIB$$e8c11d1.findByBasketId(<generated>)
	at com.example.farmerHome.BasketApplicationTest.findByBasketIdUsingService(BasketApplicationTest.java:44)
	at sun.reflect.NativeMethodAccessorImpl.invoke0(Native Method)
	at sun.reflect.NativeMethodAccessorImpl.invoke(NativeMethodAccessorImpl.java:62)
	at sun.reflect.DelegatingMethodAccessorImpl.invoke(DelegatingMethodAccessorImpl.java:43)
	at java.lang.reflect.Method.invoke(Method.java:498)
	at org.junit.runners.model.FrameworkMethod$1.runReflectiveCall(FrameworkMethod.java:50)
	at org.junit.internal.runners.model.ReflectiveCallable.run(ReflectiveCallable.java:12)
	at org.junit.runners.model.FrameworkMethod.invokeExplosively(FrameworkMethod.java:47)
	at org.junit.internal.runners.statements.InvokeMethod.evaluate(InvokeMethod.java:17)
	at org.springframework.test.context.junit4.statements.RunBeforeTestExecutionCallbacks.evaluate(RunBeforeTestExecutionCallbacks.java:74)
	at org.springframework.test.context.junit4.statements.RunAfterTestExecutionCallbacks.evaluate(RunAfterTestExecutionCallbacks.java:84)
	at org.springframework.test.context.junit4.statements.RunBeforeTestMethodCallbacks.evaluate(RunBeforeTestMethodCallbacks.java:75)
	at org.springframework.test.context.junit4.statements.RunAfterTestMethodCallbacks.evaluate(RunAfterTestMethodCallbacks.java:86)
	at org.springframework.test.context.junit4.statements.SpringRepeat.evaluate(SpringRepeat.java:84)
	at org.junit.runners.ParentRunner.runLeaf(ParentRunner.java:325)
	at org.springframework.test.context.junit4.SpringJUnit4ClassRunner.runChild(SpringJUnit4ClassRunner.java:251)
	at org.springframework.test.context.junit4.SpringJUnit4ClassRunner.runChild(SpringJUnit4ClassRunner.java:97)
	at org.junit.runners.ParentRunner$3.run(ParentRunner.java:290)
	at org.junit.runners.ParentRunner$1.schedule(ParentRunner.java:71)
	at org.junit.runners.ParentRunner.runChildren(ParentRunner.java:288)
	at org.junit.runners.ParentRunner.access$000(ParentRunner.java:58)
	at org.junit.runners.ParentRunner$2.evaluate(ParentRunner.java:268)
	at org.springframework.test.context.junit4.statements.RunBeforeTestClassCallbacks.evaluate(RunBeforeTestClassCallbacks.java:61)
	at org.springframework.test.context.junit4.statements.RunAfterTestClassCallbacks.evaluate(RunAfterTestClassCallbacks.java:70)
	at org.junit.runners.ParentRunner.run(ParentRunner.java:363)
	at org.springframework.test.context.junit4.SpringJUnit4ClassRunner.run(SpringJUnit4ClassRunner.java:190)
	at org.apache.maven.surefire.junit4.JUnit4Provider.execute(JUnit4Provider.java:365)
	at org.apache.maven.surefire.junit4.JUnit4Provider.executeWithRerun(JUnit4Provider.java:273)
	at org.apache.maven.surefire.junit4.JUnit4Provider.executeTestSet(JUnit4Provider.java:238)
	at org.apache.maven.surefire.junit4.JUnit4Provider.invoke(JUnit4Provider.java:159)
	at org.apache.maven.surefire.booter.ForkedBooter.invokeProviderInSameClassLoader(ForkedBooter.java:384)
	at org.apache.maven.surefire.booter.ForkedBooter.runSuitesInProcess(ForkedBooter.java:345)
	at org.apache.maven.surefire.booter.ForkedBooter.execute(ForkedBooter.java:126)
	at org.apache.maven.surefire.booter.ForkedBooter.main(ForkedBooter.java:418)
]]></system-err>
  </testcase>
  <testcase name="addBasketUsingService" classname="com.example.farmerHome.BasketApplicationTest" time="0.077"/>
</testsuite>