<?xml version="1.0" encoding="UTF-8"?>
<testsuite xmlns:xsi="http://www.w3.org/2001/XMLSchema-instance" xsi:noNamespaceSchemaLocation="https://maven.apache.org/surefire/maven-surefire-plugin/xsd/surefire-test-report.xsd" name="com.example.farmerHome.ProductApplicationTest" time="0.029" tests="2" errors="1" skipped="0" failures="0">
  <properties>
[...]
</properties>
  <testcase name="exampleProductTest" classname="com.example.farmerHome.ProductApplicationTest" time="0"/>
  <testcase name="addProductUsingService" classname="com.example.farmerHome.ProductApplicationTest" time="0.02">
    <error message="could not read a hi value - you need to populate the table: hibernate_sequence; nested exception is org.hibernate.id.IdentifierGenerationException: could not read a hi value - you need to populate the table: hibernate_sequence" type="org.springframework.orm.jpa.JpaSystemException">org.springframework.orm.jpa.JpaSystemException: could not read a hi value - you need to populate the table: hibernate_sequence; nested exception is org.hibernate.id.IdentifierGenerationException: could not read a hi value - you need to populate the table: hibernate_sequence
	at com.example.farmerHome.ProductApplicationTest.addProductUsingService(ProductApplicationTest.java:42)
Caused by: org.hibernate.id.IdentifierGenerationException: could not read a hi value - you need to populate the table: hibernate_sequence
	at com.example.farmerHome.ProductApplicationTest.addProductUsingService(ProductApplicationTest.java:42)
</error>
    <system-out><![CDATA[Hibernate: select product0_.product_id as product_1_5_0_, product0_.fk_categoryid as fk_categ6_5_0_, product0_.product_expiry_date as product_2_5_0_, product0_.product_name as product_3_5_0_, product0_.product_price as product_4_5_0_, product0_.product_size as product_5_5_0_, category1_.category_id as category1_1_1_, category1_.product_category as product_2_1_1_ from jpa_product product0_ left outer join jpa_category category1_ on product0_.fk_categoryid=category1_.category_id where product0_.product_id=?
Before Insert: Product [productId=0, name=Rice, price=4.5, expiry_date=5, size=LARGE, items=[], suppliers=[], currentCategory=null]
Hibernate: select next_val as id_val from hibernate_sequence for update
2019-08-08 11:19:03.394 ERROR 22856 --- [           main] o.hibernate.id.enhanced.TableStructure   : could not read a hi value - you need to populate the table: hibernate_sequence
]]></system-out>
    <system-err><![CDATA[java.util.NoSuchElementException: No value present
	at java.util.Optional.get(Optional.java:135)
	at com.example.farmerHome.apis.ProductService.findByProductId(ProductService.java:77)
	at com.example.farmerHome.apis.ProductService.registerOrUpdateProduct(ProductService.java:52)
	at com.example.farmerHome.apis.ProductService$$FastClassBySpringCGLIB$$9296e4e0.invoke(<generated>)
	at org.springframework.cglib.proxy.MethodProxy.invoke(MethodProxy.java:218)
	at org.springframework.aop.framework.CglibAopProxy$CglibMethodInvocation.invokeJoinpoint(CglibAopProxy.java:749)
	at org.springframework.aop.framework.ReflectiveMethodInvocation.proceed(ReflectiveMethodInvocation.java:163)
	at org.springframework.transaction.interceptor.TransactionAspectSupport.invokeWithinTransaction(TransactionAspectSupport.java:295)
	at org.springframework.transaction.interceptor.TransactionInterceptor.invoke(TransactionInterceptor.java:98)
	at org.springframework.aop.framework.ReflectiveMethodInvocation.proceed(ReflectiveMethodInvocation.java:186)
	at org.springframework.aop.framework.CglibAopProxy$DynamicAdvisedInterceptor.intercept(CglibAopProxy.java:688)
	at com.example.farmerHome.apis.ProductService$$EnhancerBySpringCGLIB$$547b8182.registerOrUpdateProduct(<generated>)
	at com.example.farmerHome.ProductApplicationTest.addProductUsingService(ProductApplicationTest.java:42)
	at sun.reflect.NativeMethodAccessorImpl.invoke0(Native Method)
	at sun.reflect.NativeMethodAccessorImpl.invoke(NativeMethodAccessorImpl.java:62)
	at sun.reflect.DelegatingMethodAccessorImpl.invoke(DelegatingMethodAccessorImpl.java:43)
	at java.lang.reflect.Method.invoke(Method.java:498)
	at org.junit.runners.model.FrameworkMethod$1.runReflectiveCall(FrameworkMethod.java:50)
	at org.junit.internal.runners.model.ReflectiveCallable.run(ReflectiveCallable.java:12)
	at org.junit.runners.model.FrameworkMethod.invokeExplosively(FrameworkMethod.java:47)
	at org.junit.internal.runners.statements.InvokeMethod.evaluate(InvokeMethod.java:17)
	at org.springframework.test.context.junit4.statements.RunBeforeTestExecutionCallbacks.evaluate(RunBeforeTestExecutionCallbacks.java:74)
	at org.springframework.test.context.junit4.statements.RunAfterTestExecutionCallbacks.evaluate(RunAfterTestExecutionCallbacks.java:84)
	at org.springframework.test.context.junit4.statements.RunBeforeTestMethodCallbacks.evaluate(RunBeforeTestMethodCallbacks.java:75)
	at org.springframework.test.context.junit4.statements.RunAfterTestMethodCallbacks.evaluate(RunAfterTestMethodCallbacks.java:86)
	at org.springframework.test.context.junit4.statements.SpringRepeat.evaluate(SpringRepeat.java:84)
	at org.junit.runners.ParentRunner.runLeaf(ParentRunner.java:325)
	at org.springframework.test.context.junit4.SpringJUnit4ClassRunner.runChild(SpringJUnit4ClassRunner.java:251)
	at org.springframework.test.context.junit4.SpringJUnit4ClassRunner.runChild(SpringJUnit4ClassRunner.java:97)
	at org.junit.runners.ParentRunner$3.run(ParentRunner.java:290)
	at org.junit.runners.ParentRunner$1.schedule(ParentRunner.java:71)
	at org.junit.runners.ParentRunner.runChildren(ParentRunner.java:288)
	at org.junit.runners.ParentRunner.access$000(ParentRunner.java:58)
	at org.junit.runners.ParentRunner$2.evaluate(ParentRunner.java:268)
	at org.springframework.test.context.junit4.statements.RunBeforeTestClassCallbacks.evaluate(RunBeforeTestClassCallbacks.java:61)
	at org.springframework.test.context.junit4.statements.RunAfterTestClassCallbacks.evaluate(RunAfterTestClassCallbacks.java:70)
	at org.junit.runners.ParentRunner.run(ParentRunner.java:363)
	at org.springframework.test.context.junit4.SpringJUnit4ClassRunner.run(SpringJUnit4ClassRunner.java:190)
	at org.apache.maven.surefire.junit4.JUnit4Provider.execute(JUnit4Provider.java:365)
	at org.apache.maven.surefire.junit4.JUnit4Provider.executeWithRerun(JUnit4Provider.java:273)
	at org.apache.maven.surefire.junit4.JUnit4Provider.executeTestSet(JUnit4Provider.java:238)
	at org.apache.maven.surefire.junit4.JUnit4Provider.invoke(JUnit4Provider.java:159)
	at org.apache.maven.surefire.booter.ForkedBooter.invokeProviderInSameClassLoader(ForkedBooter.java:384)
	at org.apache.maven.surefire.booter.ForkedBooter.runSuitesInProcess(ForkedBooter.java:345)
	at org.apache.maven.surefire.booter.ForkedBooter.execute(ForkedBooter.java:126)
	at org.apache.maven.surefire.booter.ForkedBooter.main(ForkedBooter.java:418)
]]></system-err>
  </testcase>
</testsuite>